


ARM Macro Assembler    Page 1 


    1 00000000         ;/*!
    2 00000000         ;    \file    startup_gd32l235xx.s
    3 00000000         ;    \brief   start up file
    4 00000000         ;
    5 00000000         ;    \version 2024-03-25, V2.0.2, firmware for GD32L23x,
                        add support for GD32L235
    6 00000000         ;*/
    7 00000000         
    8 00000000         ;/*
    9 00000000         ; * Copyright (c) 2009-2018 Arm Limited. All rights rese
                       rved.
   10 00000000         ; * Copyright (c) 2024, GigaDevice Semiconductor Inc.
   11 00000000         ; *
   12 00000000         ; * SPDX-License-Identifier: Apache-2.0
   13 00000000         ; *
   14 00000000         ; * Licensed under the Apache License, Version 2.0 (the 
                       License); you may
   15 00000000         ; * not use this file except in compliance with the Lice
                       nse.
   16 00000000         ; * You may obtain a copy of the License at
   17 00000000         ; *
   18 00000000         ; * www.apache.org/licenses/LICENSE-2.0
   19 00000000         ; *
   20 00000000         ; * Unless required by applicable law or agreed to in wr
                       iting, software
   21 00000000         ; * distributed under the License is distributed on an A
                       S IS BASIS, WITHOUT
   22 00000000         ; * WARRANTIES OR CONDITIONS OF ANY KIND, either express
                        or implied.
   23 00000000         ; * See the License for the specific language governing 
                       permissions and
   24 00000000         ; * limitations under the License.
   25 00000000         ; */
   26 00000000         ;/* This file refers the CMSIS standard, some adjustment
                       s are made according to GigaDevice chips */
   27 00000000         
   28 00000000         ; <h> Stack Configuration
   29 00000000         ;   <o> Stack Size (in Bytes) <0x0-0xFFFFFFFF:8>
   30 00000000         ; </h>
   31 00000000         
   32 00000000 00000400 
                       Stack_Size
                               EQU              0x00000400
   33 00000000         
   34 00000000                 AREA             STACK, NOINIT, READWRITE, ALIGN
=3
   35 00000000         Stack_Mem
                               SPACE            Stack_Size
   36 00000400         __initial_sp
   37 00000400         
   38 00000400         
   39 00000400         ; <h> Heap Configuration
   40 00000400         ;   <o>  Heap Size (in Bytes) <0x0-0xFFFFFFFF:8>
   41 00000400         ; </h>
   42 00000400         
   43 00000400 00000400 
                       Heap_Size
                               EQU              0x00000400
   44 00000400         



ARM Macro Assembler    Page 2 


   45 00000400                 AREA             HEAP, NOINIT, READWRITE, ALIGN=
3
   46 00000000         __heap_base
   47 00000000         Heap_Mem
                               SPACE            Heap_Size
   48 00000400         __heap_limit
   49 00000400         
   50 00000400                 PRESERVE8
   51 00000400                 THUMB
   52 00000400         
   53 00000400         ;               /* reset Vector Mapped to at Address 0 *
                       /
   54 00000400                 AREA             RESET, DATA, READONLY
   55 00000000                 EXPORT           __Vectors
   56 00000000                 EXPORT           __Vectors_End
   57 00000000                 EXPORT           __Vectors_Size
   58 00000000         
   59 00000000 00000000 
                       __Vectors
                               DCD              __initial_sp ; Top of Stack
   60 00000004 00000000        DCD              Reset_Handler ; Reset Handler
   61 00000008 00000000        DCD              NMI_Handler ; NMI Handler
   62 0000000C 00000000        DCD              HardFault_Handler ; Hard Fault 
                                                            Handler
   63 00000010 00000000        DCD              0           ; Reserved
   64 00000014 00000000        DCD              0           ; Reserved
   65 00000018 00000000        DCD              0           ; Reserved
   66 0000001C 00000000        DCD              0           ; Reserved
   67 00000020 00000000        DCD              0           ; Reserved
   68 00000024 00000000        DCD              0           ; Reserved
   69 00000028 00000000        DCD              0           ; Reserved
   70 0000002C 00000000        DCD              SVC_Handler ; SVCall Handler
   71 00000030 00000000        DCD              0           ; Reserved
   72 00000034 00000000        DCD              0           ; Reserved
   73 00000038 00000000        DCD              PendSV_Handler ; PendSV Handler
                                                            
   74 0000003C 00000000        DCD              SysTick_Handler 
                                                            ; SysTick Handler
   75 00000040         
   76 00000040         ;               /* external interrupts handler */
   77 00000040 00000000        DCD              WWDGT_IRQHandler ; 16:Window Wa
                                                            tchdog Timer
   78 00000044 00000000        DCD              LVD_IRQHandler ; 17:LVD through
                                                             EXTI Line detect
   79 00000048 00000000        DCD              TAMPER_STAMP_IRQHandler ; 18:RT
                                                            C Tamper and TimeSt
                                                            amp through EXTI Li
                                                            ne detect
   80 0000004C 00000000        DCD              RTC_WKUP_IRQHandler ; 19:RTC Wa
                                                            keup from EXTI inte
                                                            rrupt
   81 00000050 00000000        DCD              FMC_IRQHandler ; 20:FMC global 
                                                            interrupt
   82 00000054 00000000        DCD              RCU_CTC_IRQHandler ; 21:RCU or 
                                                            CTC global interrup
                                                            t
   83 00000058 00000000        DCD              EXTI0_IRQHandler 
                                                            ; 22:EXTI Line 0
   84 0000005C 00000000        DCD              EXTI1_IRQHandler 



ARM Macro Assembler    Page 3 


                                                            ; 23:EXTI Line 1
   85 00000060 00000000        DCD              EXTI2_IRQHandler 
                                                            ; 24:EXTI Line 2
   86 00000064 00000000        DCD              EXTI3_IRQHandler 
                                                            ; 25:EXTI Line 3
   87 00000068 00000000        DCD              EXTI4_IRQHandler 
                                                            ; 26:EXTI Line 4
   88 0000006C 00000000        DCD              DMA_Channel0_IRQHandler 
                                                            ; 27:DMA Channel 0 
                                                            
   89 00000070 00000000        DCD              DMA_Channel1_IRQHandler 
                                                            ; 28:DMA Channel 1 
                                                            
   90 00000074 00000000        DCD              DMA_Channel2_IRQHandler 
                                                            ; 29:DMA Channel 2 
                                                            
   91 00000078 00000000        DCD              DMA_Channel3_IRQHandler 
                                                            ; 30:DMA Channel 3 
                                                            
   92 0000007C 00000000        DCD              DMA_Channel4_IRQHandler 
                                                            ; 31:DMA Channel 4 
                                                            
   93 00000080 00000000        DCD              DMA_Channel5_IRQHandler 
                                                            ; 32:DMA Channel 5 
                                                            
   94 00000084 00000000        DCD              DMA_Channel6_IRQHandler 
                                                            ; 33:DMA Channel 6 
                                                            
   95 00000088 00000000        DCD              ADC_IRQHandler 
                                                            ; 34:ADC interrupt 
                                                            
   96 0000008C 00000000        DCD              USBD_HP_CAN_TX_IRQHandler ; 35:
                                                            USBD High Priority 
                                                            or CAN TX interrupt
                                                            
   97 00000090 00000000        DCD              USBD_LP_CAN_RX0_IRQHandler ; 36
                                                            :USBD Low Priority 
                                                            or CAN RX0 interrup
                                                            t
   98 00000094 00000000        DCD              TIMER1_IRQHandler ; 37:TIMER1
   99 00000098 00000000        DCD              TIMER2_IRQHandler ; 38:TIMER2
  100 0000009C 00000000        DCD              TIMER8_IRQHandler ; 39:TIMER8
  101 000000A0 00000000        DCD              TIMER11_IRQHandler ; 40:TIMER11
                                                            
  102 000000A4 00000000        DCD              TIMER5_IRQHandler ; 41:TIMER5
  103 000000A8 00000000        DCD              TIMER6_IRQHandler ; 42:TIMER6
  104 000000AC 00000000        DCD              USART0_IRQHandler ; 43:USART0
  105 000000B0 00000000        DCD              USART1_IRQHandler ; 44:USART1
  106 000000B4 00000000        DCD              UART3_IRQHandler ; 45:UART3
  107 000000B8 00000000        DCD              UART4_IRQHandler ; 46:UART4
  108 000000BC 00000000        DCD              I2C0_EV_IRQHandler 
                                                            ; 47:I2C0 Event
  109 000000C0 00000000        DCD              I2C0_ER_IRQHandler 
                                                            ; 48:I2C0 Error
  110 000000C4 00000000        DCD              I2C1_EV_IRQHandler 
                                                            ; 49:I2C1 Event
  111 000000C8 00000000        DCD              I2C1_ER_IRQHandler 
                                                            ; 50:I2C1 Error
  112 000000CC 00000000        DCD              SPI0_IRQHandler ; 51:SPI0



ARM Macro Assembler    Page 4 


  113 000000D0 00000000        DCD              SPI1_IRQHandler ; 52:SPI1
  114 000000D4 00000000        DCD              DAC_IRQHandler ; 53:DAC
  115 000000D8 00000000        DCD              0           ; 54:Reserved
  116 000000DC 00000000        DCD              I2C2_EV_IRQHandler 
                                                            ; 55:I2C2 Event
  117 000000E0 00000000        DCD              I2C2_ER_IRQHandler 
                                                            ; 56:I2C2 Error
  118 000000E4 00000000        DCD              RTC_Alarm_IRQHandler ; 57:RTC A
                                                            larm through EXTI L
                                                            ine detect
  119 000000E8 00000000        DCD              USBD_WKUP_IRQHandler ; 58:USBD 
                                                            wakeup through EXTI
                                                             Line detect
  120 000000EC 00000000        DCD              EXTI5_9_IRQHandler 
                                                            ; 59:EXTI5 to EXTI9
                                                            
  121 000000F0 00000000        DCD              TIMER0_TRG_CMT_UP_BRK_IRQHandle
r 
                                                            ; 60:TIMER0 trigger
                                                             and Channel commut
                                                            ation or update or 
                                                            break interrupt
  122 000000F4 00000000        DCD              TIMER0_Channel_IRQHandler ; 61:
                                                            TIMER0 capture comp
                                                            are interrupt
  123 000000F8 00000000        DCD              TIMER14_IRQHandler ; 62:TIMER14
                                                             interrupt
  124 000000FC 00000000        DCD              EXTI10_15_IRQHandler ; 63:EXTI1
                                                            0 to EXT15
  125 00000100 00000000        DCD              TIMER40_IRQHandler ; 64:TIMER40
                                                             interrupt
  126 00000104 00000000        DCD              CAN_RX1_IRQHandler ; 65:CAN RX1
                                                             interrupt
  127 00000108 00000000        DCD              CAN_EWMC_IRQHandler ; 66:CAN EW
                                                            MC interrupt
  128 0000010C 00000000        DCD              0           ; 67:Reserved
  129 00000110 00000000        DCD              0           ; 68:Reserved
  130 00000114 00000000        DCD              0           ; 69:Reserved
  131 00000118 00000000        DCD              0           ; 70:Reserved
  132 0000011C 00000000        DCD              DMAMUX_IRQHandler ; 71:Reserved
                                                            
  133 00000120 00000000        DCD              CMP0_IRQHandler ; 72:Comparator
                                                             0 interrupt throug
                                                            h EXTI Line detect
  134 00000124 00000000        DCD              CMP1_IRQHandler ; 73:Comparator
                                                             1 interrupt throug
                                                            h EXTI Line detect
  135 00000128 00000000        DCD              I2C0_WKUP_IRQHandler ; 74:I2C0 
                                                            Wakeup interrupt th
                                                            rough EXTI Line det
                                                            ect
  136 0000012C 00000000        DCD              I2C2_WKUP_IRQHandler ; 75:I2C2 
                                                            Wakeup interrupt th
                                                            rough EXTI Line det
                                                            ect
  137 00000130 00000000        DCD              USART0_WKUP_IRQHandler ; 76:USA
                                                            RT0 Wakeup interrup
                                                            t through EXTI Line
                                                             detect



ARM Macro Assembler    Page 5 


  138 00000134 00000000        DCD              LPUART0_IRQHandler ; 77:LPUART0
                                                             global interrupt
  139 00000138 00000000        DCD              CAU_IRQHandler ; 78:CAU
  140 0000013C 00000000        DCD              TRNG_IRQHandler ; 79:TRNG
  141 00000140 00000000        DCD              SLCD_IRQHandler ; 80:SLCD
  142 00000144 00000000        DCD              USART1_WKUP_IRQHandler ; 81:USA
                                                            RT1 Wakeup interrup
                                                            t through EXTI Line
                                                             detect
  143 00000148 00000000        DCD              I2C1_WKUP_IRQHandler ; 82:I2C1 
                                                            Wakeup interrupt th
                                                            rough EXTI Line det
                                                            ect
  144 0000014C 00000000        DCD              LPUART0_WKUP_IRQHandler ; 83:LP
                                                            UART0 Wakeup interr
                                                            upt through EXTI Li
                                                            ne detect
  145 00000150 00000000        DCD              LPTIMER0_IRQHandler ; 84:LPTIME
                                                            R0 interrupt 
  146 00000154 00000000        DCD              LPUART1_WKUP_IRQHandler ; 85:LP
                                                            UART1 Wakeup interr
                                                            upt through EXTI Li
                                                            ne detect
  147 00000158 00000000        DCD              LPTIMER1_IRQHandler ; 86:LPTIME
                                                            R1 interrupt       
                                                                      
  148 0000015C 00000000        DCD              LPUART1_IRQHandler ; 87:LPUART1
                                                             global interrupt
  149 00000160         
  150 00000160         
  151 00000160         
  152 00000160         __Vectors_End
  153 00000160         
  154 00000160 00000160 
                       __Vectors_Size
                               EQU              __Vectors_End - __Vectors
  155 00000160         
  156 00000160                 AREA             |.text|, CODE, READONLY
  157 00000000         
  158 00000000         ;/* reset Handler */
  159 00000000         Reset_Handler
                               PROC
  160 00000000                 EXPORT           Reset_Handler                  
   [WEAK]
  161 00000000         
  162 00000000 480B            LDR              r0, =0x1FFFF7E0
  163 00000002 6802            LDR              r2, [r0]
  164 00000004 480B            LDR              r0, = 0xFFFF0000
  165 00000006 4002            ANDS             r2, r2, r0
  166 00000008 0C12            LSRS             r2, r2, #16
  167 0000000A 0292            LSLS             r2, r2, #10
  168 0000000C 490A            LDR              r1, =0x20000000
  169 0000000E F240 0000       MOV              r0, #0x00
  170 00000012 C101    SRAM_INIT
                               STM              r1!, {r0}
  171 00000014 1F12            SUBS             r2, r2, #4
  172 00000016 2A00            CMP              r2, #0x00
  173 00000018 D1FB            BNE              SRAM_INIT
  174 0000001A         



ARM Macro Assembler    Page 6 


  175 0000001A                 IMPORT           SystemInit
  176 0000001A                 IMPORT           __main
  177 0000001A 4808            LDR              R0, =SystemInit
  178 0000001C 4780            BLX              R0
  179 0000001E 4808            LDR              R0, =__main
  180 00000020 4700            BX               R0
  181 00000022                 ENDP
  182 00000022         
  183 00000022         ;/* dummy Exception Handlers */
  185 00000022         NMI_Handler
                               PROC
  186 00000022                 EXPORT           NMI_Handler                    
   [WEAK]
  187 00000022 E7FE            B                .
  188 00000024                 ENDP
  190 00000024         HardFault_Handler
                               PROC
  191 00000024                 EXPORT           HardFault_Handler              
   [WEAK]
  192 00000024 E7FE            B                .
  193 00000026                 ENDP
  195 00000026         SVC_Handler
                               PROC
  196 00000026                 EXPORT           SVC_Handler                    
   [WEAK]
  197 00000026 E7FE            B                .
  198 00000028                 ENDP
  200 00000028         PendSV_Handler
                               PROC
  201 00000028                 EXPORT           PendSV_Handler                 
   [WEAK]
  202 00000028 E7FE            B                .
  203 0000002A                 ENDP
  205 0000002A         SysTick_Handler
                               PROC
  206 0000002A                 EXPORT           SysTick_Handler                
   [WEAK]
  207 0000002A E7FE            B                .
  208 0000002C                 ENDP
  209 0000002C         
  210 0000002C         Default_Handler
                               PROC
  211 0000002C         ;               /* external interrupts handler */
  212 0000002C                 EXPORT           WWDGT_IRQHandler               
              [WEAK]
  213 0000002C                 EXPORT           LVD_IRQHandler                 
              [WEAK]
  214 0000002C                 EXPORT           TAMPER_STAMP_IRQHandler        
              [WEAK]
  215 0000002C                 EXPORT           RTC_WKUP_IRQHandler            
              [WEAK]
  216 0000002C                 EXPORT           FMC_IRQHandler                 
              [WEAK]
  217 0000002C                 EXPORT           RCU_CTC_IRQHandler             
              [WEAK]
  218 0000002C                 EXPORT           EXTI0_IRQHandler               
              [WEAK]
  219 0000002C                 EXPORT           EXTI1_IRQHandler               
              [WEAK]



ARM Macro Assembler    Page 7 


  220 0000002C                 EXPORT           EXTI2_IRQHandler               
              [WEAK]
  221 0000002C                 EXPORT           EXTI3_IRQHandler               
              [WEAK]
  222 0000002C                 EXPORT           EXTI4_IRQHandler               
              [WEAK]
  223 0000002C                 EXPORT           DMA_Channel0_IRQHandler        
              [WEAK]
  224 0000002C                 EXPORT           DMA_Channel1_IRQHandler        
              [WEAK]
  225 0000002C                 EXPORT           DMA_Channel2_IRQHandler        
              [WEAK]
  226 0000002C                 EXPORT           DMA_Channel3_IRQHandler        
              [WEAK]
  227 0000002C                 EXPORT           DMA_Channel4_IRQHandler        
              [WEAK]
  228 0000002C                 EXPORT           DMA_Channel5_IRQHandler        
              [WEAK]
  229 0000002C                 EXPORT           DMA_Channel6_IRQHandler        
              [WEAK]
  230 0000002C                 EXPORT           ADC_IRQHandler                 
              [WEAK]
  231 0000002C                 EXPORT           USBD_HP_CAN_TX_IRQHandler      
              [WEAK]
  232 0000002C                 EXPORT           USBD_LP_CAN_RX0_IRQHandler     
              [WEAK]
  233 0000002C                 EXPORT           TIMER1_IRQHandler              
              [WEAK]
  234 0000002C                 EXPORT           TIMER2_IRQHandler              
              [WEAK]
  235 0000002C                 EXPORT           TIMER8_IRQHandler              
              [WEAK]
  236 0000002C                 EXPORT           TIMER11_IRQHandler             
              [WEAK]
  237 0000002C                 EXPORT           TIMER5_IRQHandler              
              [WEAK]
  238 0000002C                 EXPORT           TIMER6_IRQHandler              
              [WEAK]
  239 0000002C                 EXPORT           USART0_IRQHandler              
              [WEAK]
  240 0000002C                 EXPORT           USART1_IRQHandler              
              [WEAK]
  241 0000002C                 EXPORT           UART3_IRQHandler               
              [WEAK]
  242 0000002C                 EXPORT           UART4_IRQHandler               
              [WEAK]
  243 0000002C                 EXPORT           I2C0_EV_IRQHandler             
              [WEAK]
  244 0000002C                 EXPORT           I2C0_ER_IRQHandler             
              [WEAK]
  245 0000002C                 EXPORT           I2C1_EV_IRQHandler             
              [WEAK]
  246 0000002C                 EXPORT           I2C1_ER_IRQHandler             
              [WEAK]
  247 0000002C                 EXPORT           SPI0_IRQHandler                
              [WEAK]
  248 0000002C                 EXPORT           SPI1_IRQHandler                
              [WEAK]
  249 0000002C                 EXPORT           DAC_IRQHandler                 



ARM Macro Assembler    Page 8 


              [WEAK]
  250 0000002C                 EXPORT           I2C2_EV_IRQHandler             
              [WEAK]
  251 0000002C                 EXPORT           I2C2_ER_IRQHandler             
              [WEAK]
  252 0000002C                 EXPORT           RTC_Alarm_IRQHandler           
              [WEAK]
  253 0000002C                 EXPORT           USBD_WKUP_IRQHandler           
              [WEAK]
  254 0000002C                 EXPORT           EXTI5_9_IRQHandler             
              [WEAK]
  255 0000002C                 EXPORT           TIMER0_TRG_CMT_UP_BRK_IRQHandle
r             [WEAK]
  256 0000002C                 EXPORT           TIMER0_Channel_IRQHandler      
              [WEAK]
  257 0000002C                 EXPORT           TIMER14_IRQHandler             
              [WEAK]
  258 0000002C                 EXPORT           EXTI10_15_IRQHandler           
              [WEAK]
  259 0000002C                 EXPORT           TIMER40_IRQHandler             
              [WEAK]
  260 0000002C                 EXPORT           CAN_RX1_IRQHandler             
              [WEAK]
  261 0000002C                 EXPORT           CAN_EWMC_IRQHandler            
              [WEAK]
  262 0000002C                 EXPORT           DMAMUX_IRQHandler              
              [WEAK]
  263 0000002C                 EXPORT           CMP0_IRQHandler                
              [WEAK]
  264 0000002C                 EXPORT           CMP1_IRQHandler                
              [WEAK]
  265 0000002C                 EXPORT           I2C0_WKUP_IRQHandler           
              [WEAK]
  266 0000002C                 EXPORT           I2C2_WKUP_IRQHandler           
              [WEAK]
  267 0000002C                 EXPORT           USART0_WKUP_IRQHandler         
              [WEAK]
  268 0000002C                 EXPORT           LPUART0_IRQHandler             
              [WEAK]
  269 0000002C                 EXPORT           CAU_IRQHandler                 
              [WEAK]
  270 0000002C                 EXPORT           TRNG_IRQHandler                
              [WEAK]
  271 0000002C                 EXPORT           SLCD_IRQHandler                
              [WEAK]
  272 0000002C                 EXPORT           USART1_WKUP_IRQHandler         
              [WEAK]
  273 0000002C                 EXPORT           I2C1_WKUP_IRQHandler           
              [WEAK]
  274 0000002C                 EXPORT           LPUART0_WKUP_IRQHandler        
              [WEAK]
  275 0000002C                 EXPORT           LPTIMER0_IRQHandler            
              [WEAK]
  276 0000002C                 EXPORT           LPUART1_WKUP_IRQHandler        
              [WEAK]
  277 0000002C                 EXPORT           LPTIMER1_IRQHandler            
              [WEAK]
  278 0000002C                 EXPORT           LPUART1_IRQHandler             
              [WEAK]



ARM Macro Assembler    Page 9 


  279 0000002C         
  280 0000002C         ;/* external interrupts handler */
  281 0000002C         WWDGT_IRQHandler
  282 0000002C         LVD_IRQHandler
  283 0000002C         TAMPER_STAMP_IRQHandler
  284 0000002C         RTC_WKUP_IRQHandler
  285 0000002C         FMC_IRQHandler
  286 0000002C         RCU_CTC_IRQHandler
  287 0000002C         EXTI0_IRQHandler
  288 0000002C         EXTI1_IRQHandler
  289 0000002C         EXTI2_IRQHandler
  290 0000002C         EXTI3_IRQHandler
  291 0000002C         EXTI4_IRQHandler
  292 0000002C         DMA_Channel0_IRQHandler
  293 0000002C         DMA_Channel1_IRQHandler
  294 0000002C         DMA_Channel2_IRQHandler
  295 0000002C         DMA_Channel3_IRQHandler
  296 0000002C         DMA_Channel4_IRQHandler
  297 0000002C         DMA_Channel5_IRQHandler
  298 0000002C         DMA_Channel6_IRQHandler
  299 0000002C         ADC_IRQHandler
  300 0000002C         USBD_HP_CAN_TX_IRQHandler
  301 0000002C         USBD_LP_CAN_RX0_IRQHandler
  302 0000002C         TIMER1_IRQHandler
  303 0000002C         TIMER2_IRQHandler
  304 0000002C         TIMER8_IRQHandler
  305 0000002C         TIMER11_IRQHandler
  306 0000002C         TIMER5_IRQHandler
  307 0000002C         TIMER6_IRQHandler
  308 0000002C         USART0_IRQHandler
  309 0000002C         USART1_IRQHandler
  310 0000002C         UART3_IRQHandler
  311 0000002C         UART4_IRQHandler
  312 0000002C         I2C0_EV_IRQHandler
  313 0000002C         I2C0_ER_IRQHandler
  314 0000002C         I2C1_EV_IRQHandler
  315 0000002C         I2C1_ER_IRQHandler
  316 0000002C         SPI0_IRQHandler
  317 0000002C         SPI1_IRQHandler
  318 0000002C         DAC_IRQHandler
  319 0000002C         I2C2_EV_IRQHandler
  320 0000002C         I2C2_ER_IRQHandler
  321 0000002C         RTC_Alarm_IRQHandler
  322 0000002C         USBD_WKUP_IRQHandler
  323 0000002C         EXTI5_9_IRQHandler
  324 0000002C         TIMER0_TRG_CMT_UP_BRK_IRQHandler
  325 0000002C         TIMER0_Channel_IRQHandler
  326 0000002C         TIMER14_IRQHandler
  327 0000002C         EXTI10_15_IRQHandler
  328 0000002C         TIMER40_IRQHandler
  329 0000002C         CAN_RX1_IRQHandler
  330 0000002C         CAN_EWMC_IRQHandler
  331 0000002C         CMP0_IRQHandler
  332 0000002C         CMP1_IRQHandler
  333 0000002C         DMAMUX_IRQHandler
  334 0000002C         I2C0_WKUP_IRQHandler
  335 0000002C         I2C2_WKUP_IRQHandler
  336 0000002C         USART0_WKUP_IRQHandler
  337 0000002C         LPUART0_IRQHandler



ARM Macro Assembler    Page 10 


  338 0000002C         CAU_IRQHandler
  339 0000002C         TRNG_IRQHandler
  340 0000002C         SLCD_IRQHandler
  341 0000002C         USART1_WKUP_IRQHandler
  342 0000002C         I2C1_WKUP_IRQHandler
  343 0000002C         LPUART0_WKUP_IRQHandler
  344 0000002C         LPTIMER0_IRQHandler
  345 0000002C         LPUART1_WKUP_IRQHandler
  346 0000002C         LPTIMER1_IRQHandler
  347 0000002C         LPUART1_IRQHandler
  348 0000002C         
  349 0000002C E7FE            B                .
  350 0000002E                 ENDP
  351 0000002E         
  352 0000002E 00 00           ALIGN
  353 00000030         
  354 00000030         ; user Initial Stack & Heap
  355 00000030         
  356 00000030                 IF               :DEF:__MICROLIB
  357 00000030         
  358 00000030                 EXPORT           __initial_sp
  359 00000030                 EXPORT           __heap_base
  360 00000030                 EXPORT           __heap_limit
  361 00000030         
  362 00000030                 ELSE
  377                          ENDIF
  378 00000030         
  379 00000030                 END
              1FFFF7E0 
              FFFF0000 
              20000000 
              00000000 
              00000000 
Command Line: --xref --diag_suppress=9931 --cpu=Cortex-M23 --depend=.\output\st
artup_gd32l235xx.d -o.\output\startup_gd32l235xx.o -I.\RTE\_GD32L235 -IC:\Users
\12235\AppData\Local\Arm\Packs\ARM\CMSIS\6.0.0\CMSIS\Core\Include -IC:\Users\12
235\AppData\Local\Arm\Packs\GigaDevice\GD32L23x_DFP\2.0.1\Device\Include --pred
efine="__MICROLIB SETA 1" --predefine="__UVISION_VERSION SETA 537" --predefine=
"_RTE_ SETA 1" --predefine="GD32L23x SETA 1" --predefine="_RTE_ SETA 1" --list=
.\list\startup_gd32l235xx.lst ..\..\Firmware\CMSIS\GD\GD32L23x\Source\ARM\start
up_gd32l235xx.s



ARM Macro Assembler    Page 1 Alphabetic symbol ordering
Relocatable symbols

STACK 00000000

Symbol: STACK
   Definitions
      At line 34 in file ..\..\Firmware\CMSIS\GD\GD32L23x\Source\ARM\startup_gd
32l235xx.s
   Uses
      None
Comment: STACK unused
Stack_Mem 00000000

Symbol: Stack_Mem
   Definitions
      At line 35 in file ..\..\Firmware\CMSIS\GD\GD32L23x\Source\ARM\startup_gd
32l235xx.s
   Uses
      None
Comment: Stack_Mem unused
__initial_sp 00000400

Symbol: __initial_sp
   Definitions
      At line 36 in file ..\..\Firmware\CMSIS\GD\GD32L23x\Source\ARM\startup_gd
32l235xx.s
   Uses
      At line 59 in file ..\..\Firmware\CMSIS\GD\GD32L23x\Source\ARM\startup_gd
32l235xx.s
      At line 358 in file ..\..\Firmware\CMSIS\GD\GD32L23x\Source\ARM\startup_g
d32l235xx.s

3 symbols



ARM Macro Assembler    Page 1 Alphabetic symbol ordering
Relocatable symbols

HEAP 00000000

Symbol: HEAP
   Definitions
      At line 45 in file ..\..\Firmware\CMSIS\GD\GD32L23x\Source\ARM\startup_gd
32l235xx.s
   Uses
      None
Comment: HEAP unused
Heap_Mem 00000000

Symbol: Heap_Mem
   Definitions
      At line 47 in file ..\..\Firmware\CMSIS\GD\GD32L23x\Source\ARM\startup_gd
32l235xx.s
   Uses
      None
Comment: Heap_Mem unused
__heap_base 00000000

Symbol: __heap_base
   Definitions
      At line 46 in file ..\..\Firmware\CMSIS\GD\GD32L23x\Source\ARM\startup_gd
32l235xx.s
   Uses
      At line 359 in file ..\..\Firmware\CMSIS\GD\GD32L23x\Source\ARM\startup_g
d32l235xx.s
Comment: __heap_base used once
__heap_limit 00000400

Symbol: __heap_limit
   Definitions
      At line 48 in file ..\..\Firmware\CMSIS\GD\GD32L23x\Source\ARM\startup_gd
32l235xx.s
   Uses
      At line 360 in file ..\..\Firmware\CMSIS\GD\GD32L23x\Source\ARM\startup_g
d32l235xx.s
Comment: __heap_limit used once
4 symbols



ARM Macro Assembler    Page 1 Alphabetic symbol ordering
Relocatable symbols

RESET 00000000

Symbol: RESET
   Definitions
      At line 54 in file ..\..\Firmware\CMSIS\GD\GD32L23x\Source\ARM\startup_gd
32l235xx.s
   Uses
      None
Comment: RESET unused
__Vectors 00000000

Symbol: __Vectors
   Definitions
      At line 59 in file ..\..\Firmware\CMSIS\GD\GD32L23x\Source\ARM\startup_gd
32l235xx.s
   Uses
      At line 55 in file ..\..\Firmware\CMSIS\GD\GD32L23x\Source\ARM\startup_gd
32l235xx.s
      At line 154 in file ..\..\Firmware\CMSIS\GD\GD32L23x\Source\ARM\startup_g
d32l235xx.s

__Vectors_End 00000160

Symbol: __Vectors_End
   Definitions
      At line 152 in file ..\..\Firmware\CMSIS\GD\GD32L23x\Source\ARM\startup_g
d32l235xx.s
   Uses
      At line 56 in file ..\..\Firmware\CMSIS\GD\GD32L23x\Source\ARM\startup_gd
32l235xx.s
      At line 154 in file ..\..\Firmware\CMSIS\GD\GD32L23x\Source\ARM\startup_g
d32l235xx.s

3 symbols



ARM Macro Assembler    Page 1 Alphabetic symbol ordering
Relocatable symbols

.text 00000000

Symbol: .text
   Definitions
      At line 156 in file ..\..\Firmware\CMSIS\GD\GD32L23x\Source\ARM\startup_g
d32l235xx.s
   Uses
      None
Comment: .text unused
ADC_IRQHandler 0000002C

Symbol: ADC_IRQHandler
   Definitions
      At line 299 in file ..\..\Firmware\CMSIS\GD\GD32L23x\Source\ARM\startup_g
d32l235xx.s
   Uses
      At line 95 in file ..\..\Firmware\CMSIS\GD\GD32L23x\Source\ARM\startup_gd
32l235xx.s
      At line 230 in file ..\..\Firmware\CMSIS\GD\GD32L23x\Source\ARM\startup_g
d32l235xx.s

CAN_EWMC_IRQHandler 0000002C

Symbol: CAN_EWMC_IRQHandler
   Definitions
      At line 330 in file ..\..\Firmware\CMSIS\GD\GD32L23x\Source\ARM\startup_g
d32l235xx.s
   Uses
      At line 127 in file ..\..\Firmware\CMSIS\GD\GD32L23x\Source\ARM\startup_g
d32l235xx.s
      At line 261 in file ..\..\Firmware\CMSIS\GD\GD32L23x\Source\ARM\startup_g
d32l235xx.s

CAN_RX1_IRQHandler 0000002C

Symbol: CAN_RX1_IRQHandler
   Definitions
      At line 329 in file ..\..\Firmware\CMSIS\GD\GD32L23x\Source\ARM\startup_g
d32l235xx.s
   Uses
      At line 126 in file ..\..\Firmware\CMSIS\GD\GD32L23x\Source\ARM\startup_g
d32l235xx.s
      At line 260 in file ..\..\Firmware\CMSIS\GD\GD32L23x\Source\ARM\startup_g
d32l235xx.s

CAU_IRQHandler 0000002C

Symbol: CAU_IRQHandler
   Definitions
      At line 338 in file ..\..\Firmware\CMSIS\GD\GD32L23x\Source\ARM\startup_g
d32l235xx.s
   Uses
      At line 139 in file ..\..\Firmware\CMSIS\GD\GD32L23x\Source\ARM\startup_g
d32l235xx.s
      At line 269 in file ..\..\Firmware\CMSIS\GD\GD32L23x\Source\ARM\startup_g
d32l235xx.s

CMP0_IRQHandler 0000002C




ARM Macro Assembler    Page 2 Alphabetic symbol ordering
Relocatable symbols

Symbol: CMP0_IRQHandler
   Definitions
      At line 331 in file ..\..\Firmware\CMSIS\GD\GD32L23x\Source\ARM\startup_g
d32l235xx.s
   Uses
      At line 133 in file ..\..\Firmware\CMSIS\GD\GD32L23x\Source\ARM\startup_g
d32l235xx.s
      At line 263 in file ..\..\Firmware\CMSIS\GD\GD32L23x\Source\ARM\startup_g
d32l235xx.s

CMP1_IRQHandler 0000002C

Symbol: CMP1_IRQHandler
   Definitions
      At line 332 in file ..\..\Firmware\CMSIS\GD\GD32L23x\Source\ARM\startup_g
d32l235xx.s
   Uses
      At line 134 in file ..\..\Firmware\CMSIS\GD\GD32L23x\Source\ARM\startup_g
d32l235xx.s
      At line 264 in file ..\..\Firmware\CMSIS\GD\GD32L23x\Source\ARM\startup_g
d32l235xx.s

DAC_IRQHandler 0000002C

Symbol: DAC_IRQHandler
   Definitions
      At line 318 in file ..\..\Firmware\CMSIS\GD\GD32L23x\Source\ARM\startup_g
d32l235xx.s
   Uses
      At line 114 in file ..\..\Firmware\CMSIS\GD\GD32L23x\Source\ARM\startup_g
d32l235xx.s
      At line 249 in file ..\..\Firmware\CMSIS\GD\GD32L23x\Source\ARM\startup_g
d32l235xx.s

DMAMUX_IRQHandler 0000002C

Symbol: DMAMUX_IRQHandler
   Definitions
      At line 333 in file ..\..\Firmware\CMSIS\GD\GD32L23x\Source\ARM\startup_g
d32l235xx.s
   Uses
      At line 132 in file ..\..\Firmware\CMSIS\GD\GD32L23x\Source\ARM\startup_g
d32l235xx.s
      At line 262 in file ..\..\Firmware\CMSIS\GD\GD32L23x\Source\ARM\startup_g
d32l235xx.s

DMA_Channel0_IRQHandler 0000002C

Symbol: DMA_Channel0_IRQHandler
   Definitions
      At line 292 in file ..\..\Firmware\CMSIS\GD\GD32L23x\Source\ARM\startup_g
d32l235xx.s
   Uses
      At line 88 in file ..\..\Firmware\CMSIS\GD\GD32L23x\Source\ARM\startup_gd
32l235xx.s
      At line 223 in file ..\..\Firmware\CMSIS\GD\GD32L23x\Source\ARM\startup_g
d32l235xx.s

DMA_Channel1_IRQHandler 0000002C



ARM Macro Assembler    Page 3 Alphabetic symbol ordering
Relocatable symbols


Symbol: DMA_Channel1_IRQHandler
   Definitions
      At line 293 in file ..\..\Firmware\CMSIS\GD\GD32L23x\Source\ARM\startup_g
d32l235xx.s
   Uses
      At line 89 in file ..\..\Firmware\CMSIS\GD\GD32L23x\Source\ARM\startup_gd
32l235xx.s
      At line 224 in file ..\..\Firmware\CMSIS\GD\GD32L23x\Source\ARM\startup_g
d32l235xx.s

DMA_Channel2_IRQHandler 0000002C

Symbol: DMA_Channel2_IRQHandler
   Definitions
      At line 294 in file ..\..\Firmware\CMSIS\GD\GD32L23x\Source\ARM\startup_g
d32l235xx.s
   Uses
      At line 90 in file ..\..\Firmware\CMSIS\GD\GD32L23x\Source\ARM\startup_gd
32l235xx.s
      At line 225 in file ..\..\Firmware\CMSIS\GD\GD32L23x\Source\ARM\startup_g
d32l235xx.s

DMA_Channel3_IRQHandler 0000002C

Symbol: DMA_Channel3_IRQHandler
   Definitions
      At line 295 in file ..\..\Firmware\CMSIS\GD\GD32L23x\Source\ARM\startup_g
d32l235xx.s
   Uses
      At line 91 in file ..\..\Firmware\CMSIS\GD\GD32L23x\Source\ARM\startup_gd
32l235xx.s
      At line 226 in file ..\..\Firmware\CMSIS\GD\GD32L23x\Source\ARM\startup_g
d32l235xx.s

DMA_Channel4_IRQHandler 0000002C

Symbol: DMA_Channel4_IRQHandler
   Definitions
      At line 296 in file ..\..\Firmware\CMSIS\GD\GD32L23x\Source\ARM\startup_g
d32l235xx.s
   Uses
      At line 92 in file ..\..\Firmware\CMSIS\GD\GD32L23x\Source\ARM\startup_gd
32l235xx.s
      At line 227 in file ..\..\Firmware\CMSIS\GD\GD32L23x\Source\ARM\startup_g
d32l235xx.s

DMA_Channel5_IRQHandler 0000002C

Symbol: DMA_Channel5_IRQHandler
   Definitions
      At line 297 in file ..\..\Firmware\CMSIS\GD\GD32L23x\Source\ARM\startup_g
d32l235xx.s
   Uses
      At line 93 in file ..\..\Firmware\CMSIS\GD\GD32L23x\Source\ARM\startup_gd
32l235xx.s
      At line 228 in file ..\..\Firmware\CMSIS\GD\GD32L23x\Source\ARM\startup_g
d32l235xx.s




ARM Macro Assembler    Page 4 Alphabetic symbol ordering
Relocatable symbols

DMA_Channel6_IRQHandler 0000002C

Symbol: DMA_Channel6_IRQHandler
   Definitions
      At line 298 in file ..\..\Firmware\CMSIS\GD\GD32L23x\Source\ARM\startup_g
d32l235xx.s
   Uses
      At line 94 in file ..\..\Firmware\CMSIS\GD\GD32L23x\Source\ARM\startup_gd
32l235xx.s
      At line 229 in file ..\..\Firmware\CMSIS\GD\GD32L23x\Source\ARM\startup_g
d32l235xx.s

Default_Handler 0000002C

Symbol: Default_Handler
   Definitions
      At line 210 in file ..\..\Firmware\CMSIS\GD\GD32L23x\Source\ARM\startup_g
d32l235xx.s
   Uses
      None
Comment: Default_Handler unused
EXTI0_IRQHandler 0000002C

Symbol: EXTI0_IRQHandler
   Definitions
      At line 287 in file ..\..\Firmware\CMSIS\GD\GD32L23x\Source\ARM\startup_g
d32l235xx.s
   Uses
      At line 83 in file ..\..\Firmware\CMSIS\GD\GD32L23x\Source\ARM\startup_gd
32l235xx.s
      At line 218 in file ..\..\Firmware\CMSIS\GD\GD32L23x\Source\ARM\startup_g
d32l235xx.s

EXTI10_15_IRQHandler 0000002C

Symbol: EXTI10_15_IRQHandler
   Definitions
      At line 327 in file ..\..\Firmware\CMSIS\GD\GD32L23x\Source\ARM\startup_g
d32l235xx.s
   Uses
      At line 124 in file ..\..\Firmware\CMSIS\GD\GD32L23x\Source\ARM\startup_g
d32l235xx.s
      At line 258 in file ..\..\Firmware\CMSIS\GD\GD32L23x\Source\ARM\startup_g
d32l235xx.s

EXTI1_IRQHandler 0000002C

Symbol: EXTI1_IRQHandler
   Definitions
      At line 288 in file ..\..\Firmware\CMSIS\GD\GD32L23x\Source\ARM\startup_g
d32l235xx.s
   Uses
      At line 84 in file ..\..\Firmware\CMSIS\GD\GD32L23x\Source\ARM\startup_gd
32l235xx.s
      At line 219 in file ..\..\Firmware\CMSIS\GD\GD32L23x\Source\ARM\startup_g
d32l235xx.s

EXTI2_IRQHandler 0000002C




ARM Macro Assembler    Page 5 Alphabetic symbol ordering
Relocatable symbols

Symbol: EXTI2_IRQHandler
   Definitions
      At line 289 in file ..\..\Firmware\CMSIS\GD\GD32L23x\Source\ARM\startup_g
d32l235xx.s
   Uses
      At line 85 in file ..\..\Firmware\CMSIS\GD\GD32L23x\Source\ARM\startup_gd
32l235xx.s
      At line 220 in file ..\..\Firmware\CMSIS\GD\GD32L23x\Source\ARM\startup_g
d32l235xx.s

EXTI3_IRQHandler 0000002C

Symbol: EXTI3_IRQHandler
   Definitions
      At line 290 in file ..\..\Firmware\CMSIS\GD\GD32L23x\Source\ARM\startup_g
d32l235xx.s
   Uses
      At line 86 in file ..\..\Firmware\CMSIS\GD\GD32L23x\Source\ARM\startup_gd
32l235xx.s
      At line 221 in file ..\..\Firmware\CMSIS\GD\GD32L23x\Source\ARM\startup_g
d32l235xx.s

EXTI4_IRQHandler 0000002C

Symbol: EXTI4_IRQHandler
   Definitions
      At line 291 in file ..\..\Firmware\CMSIS\GD\GD32L23x\Source\ARM\startup_g
d32l235xx.s
   Uses
      At line 87 in file ..\..\Firmware\CMSIS\GD\GD32L23x\Source\ARM\startup_gd
32l235xx.s
      At line 222 in file ..\..\Firmware\CMSIS\GD\GD32L23x\Source\ARM\startup_g
d32l235xx.s

EXTI5_9_IRQHandler 0000002C

Symbol: EXTI5_9_IRQHandler
   Definitions
      At line 323 in file ..\..\Firmware\CMSIS\GD\GD32L23x\Source\ARM\startup_g
d32l235xx.s
   Uses
      At line 120 in file ..\..\Firmware\CMSIS\GD\GD32L23x\Source\ARM\startup_g
d32l235xx.s
      At line 254 in file ..\..\Firmware\CMSIS\GD\GD32L23x\Source\ARM\startup_g
d32l235xx.s

FMC_IRQHandler 0000002C

Symbol: FMC_IRQHandler
   Definitions
      At line 285 in file ..\..\Firmware\CMSIS\GD\GD32L23x\Source\ARM\startup_g
d32l235xx.s
   Uses
      At line 81 in file ..\..\Firmware\CMSIS\GD\GD32L23x\Source\ARM\startup_gd
32l235xx.s
      At line 216 in file ..\..\Firmware\CMSIS\GD\GD32L23x\Source\ARM\startup_g
d32l235xx.s

HardFault_Handler 00000024



ARM Macro Assembler    Page 6 Alphabetic symbol ordering
Relocatable symbols


Symbol: HardFault_Handler
   Definitions
      At line 190 in file ..\..\Firmware\CMSIS\GD\GD32L23x\Source\ARM\startup_g
d32l235xx.s
   Uses
      At line 62 in file ..\..\Firmware\CMSIS\GD\GD32L23x\Source\ARM\startup_gd
32l235xx.s
      At line 191 in file ..\..\Firmware\CMSIS\GD\GD32L23x\Source\ARM\startup_g
d32l235xx.s

I2C0_ER_IRQHandler 0000002C

Symbol: I2C0_ER_IRQHandler
   Definitions
      At line 313 in file ..\..\Firmware\CMSIS\GD\GD32L23x\Source\ARM\startup_g
d32l235xx.s
   Uses
      At line 109 in file ..\..\Firmware\CMSIS\GD\GD32L23x\Source\ARM\startup_g
d32l235xx.s
      At line 244 in file ..\..\Firmware\CMSIS\GD\GD32L23x\Source\ARM\startup_g
d32l235xx.s

I2C0_EV_IRQHandler 0000002C

Symbol: I2C0_EV_IRQHandler
   Definitions
      At line 312 in file ..\..\Firmware\CMSIS\GD\GD32L23x\Source\ARM\startup_g
d32l235xx.s
   Uses
      At line 108 in file ..\..\Firmware\CMSIS\GD\GD32L23x\Source\ARM\startup_g
d32l235xx.s
      At line 243 in file ..\..\Firmware\CMSIS\GD\GD32L23x\Source\ARM\startup_g
d32l235xx.s

I2C0_WKUP_IRQHandler 0000002C

Symbol: I2C0_WKUP_IRQHandler
   Definitions
      At line 334 in file ..\..\Firmware\CMSIS\GD\GD32L23x\Source\ARM\startup_g
d32l235xx.s
   Uses
      At line 135 in file ..\..\Firmware\CMSIS\GD\GD32L23x\Source\ARM\startup_g
d32l235xx.s
      At line 265 in file ..\..\Firmware\CMSIS\GD\GD32L23x\Source\ARM\startup_g
d32l235xx.s

I2C1_ER_IRQHandler 0000002C

Symbol: I2C1_ER_IRQHandler
   Definitions
      At line 315 in file ..\..\Firmware\CMSIS\GD\GD32L23x\Source\ARM\startup_g
d32l235xx.s
   Uses
      At line 111 in file ..\..\Firmware\CMSIS\GD\GD32L23x\Source\ARM\startup_g
d32l235xx.s
      At line 246 in file ..\..\Firmware\CMSIS\GD\GD32L23x\Source\ARM\startup_g
d32l235xx.s




ARM Macro Assembler    Page 7 Alphabetic symbol ordering
Relocatable symbols

I2C1_EV_IRQHandler 0000002C

Symbol: I2C1_EV_IRQHandler
   Definitions
      At line 314 in file ..\..\Firmware\CMSIS\GD\GD32L23x\Source\ARM\startup_g
d32l235xx.s
   Uses
      At line 110 in file ..\..\Firmware\CMSIS\GD\GD32L23x\Source\ARM\startup_g
d32l235xx.s
      At line 245 in file ..\..\Firmware\CMSIS\GD\GD32L23x\Source\ARM\startup_g
d32l235xx.s

I2C1_WKUP_IRQHandler 0000002C

Symbol: I2C1_WKUP_IRQHandler
   Definitions
      At line 342 in file ..\..\Firmware\CMSIS\GD\GD32L23x\Source\ARM\startup_g
d32l235xx.s
   Uses
      At line 143 in file ..\..\Firmware\CMSIS\GD\GD32L23x\Source\ARM\startup_g
d32l235xx.s
      At line 273 in file ..\..\Firmware\CMSIS\GD\GD32L23x\Source\ARM\startup_g
d32l235xx.s

I2C2_ER_IRQHandler 0000002C

Symbol: I2C2_ER_IRQHandler
   Definitions
      At line 320 in file ..\..\Firmware\CMSIS\GD\GD32L23x\Source\ARM\startup_g
d32l235xx.s
   Uses
      At line 117 in file ..\..\Firmware\CMSIS\GD\GD32L23x\Source\ARM\startup_g
d32l235xx.s
      At line 251 in file ..\..\Firmware\CMSIS\GD\GD32L23x\Source\ARM\startup_g
d32l235xx.s

I2C2_EV_IRQHandler 0000002C

Symbol: I2C2_EV_IRQHandler
   Definitions
      At line 319 in file ..\..\Firmware\CMSIS\GD\GD32L23x\Source\ARM\startup_g
d32l235xx.s
   Uses
      At line 116 in file ..\..\Firmware\CMSIS\GD\GD32L23x\Source\ARM\startup_g
d32l235xx.s
      At line 250 in file ..\..\Firmware\CMSIS\GD\GD32L23x\Source\ARM\startup_g
d32l235xx.s

I2C2_WKUP_IRQHandler 0000002C

Symbol: I2C2_WKUP_IRQHandler
   Definitions
      At line 335 in file ..\..\Firmware\CMSIS\GD\GD32L23x\Source\ARM\startup_g
d32l235xx.s
   Uses
      At line 136 in file ..\..\Firmware\CMSIS\GD\GD32L23x\Source\ARM\startup_g
d32l235xx.s
      At line 266 in file ..\..\Firmware\CMSIS\GD\GD32L23x\Source\ARM\startup_g
d32l235xx.s



ARM Macro Assembler    Page 8 Alphabetic symbol ordering
Relocatable symbols


LPTIMER0_IRQHandler 0000002C

Symbol: LPTIMER0_IRQHandler
   Definitions
      At line 344 in file ..\..\Firmware\CMSIS\GD\GD32L23x\Source\ARM\startup_g
d32l235xx.s
   Uses
      At line 145 in file ..\..\Firmware\CMSIS\GD\GD32L23x\Source\ARM\startup_g
d32l235xx.s
      At line 275 in file ..\..\Firmware\CMSIS\GD\GD32L23x\Source\ARM\startup_g
d32l235xx.s

LPTIMER1_IRQHandler 0000002C

Symbol: LPTIMER1_IRQHandler
   Definitions
      At line 346 in file ..\..\Firmware\CMSIS\GD\GD32L23x\Source\ARM\startup_g
d32l235xx.s
   Uses
      At line 147 in file ..\..\Firmware\CMSIS\GD\GD32L23x\Source\ARM\startup_g
d32l235xx.s
      At line 277 in file ..\..\Firmware\CMSIS\GD\GD32L23x\Source\ARM\startup_g
d32l235xx.s

LPUART0_IRQHandler 0000002C

Symbol: LPUART0_IRQHandler
   Definitions
      At line 337 in file ..\..\Firmware\CMSIS\GD\GD32L23x\Source\ARM\startup_g
d32l235xx.s
   Uses
      At line 138 in file ..\..\Firmware\CMSIS\GD\GD32L23x\Source\ARM\startup_g
d32l235xx.s
      At line 268 in file ..\..\Firmware\CMSIS\GD\GD32L23x\Source\ARM\startup_g
d32l235xx.s

LPUART0_WKUP_IRQHandler 0000002C

Symbol: LPUART0_WKUP_IRQHandler
   Definitions
      At line 343 in file ..\..\Firmware\CMSIS\GD\GD32L23x\Source\ARM\startup_g
d32l235xx.s
   Uses
      At line 144 in file ..\..\Firmware\CMSIS\GD\GD32L23x\Source\ARM\startup_g
d32l235xx.s
      At line 274 in file ..\..\Firmware\CMSIS\GD\GD32L23x\Source\ARM\startup_g
d32l235xx.s

LPUART1_IRQHandler 0000002C

Symbol: LPUART1_IRQHandler
   Definitions
      At line 347 in file ..\..\Firmware\CMSIS\GD\GD32L23x\Source\ARM\startup_g
d32l235xx.s
   Uses
      At line 148 in file ..\..\Firmware\CMSIS\GD\GD32L23x\Source\ARM\startup_g
d32l235xx.s
      At line 278 in file ..\..\Firmware\CMSIS\GD\GD32L23x\Source\ARM\startup_g



ARM Macro Assembler    Page 9 Alphabetic symbol ordering
Relocatable symbols

d32l235xx.s

LPUART1_WKUP_IRQHandler 0000002C

Symbol: LPUART1_WKUP_IRQHandler
   Definitions
      At line 345 in file ..\..\Firmware\CMSIS\GD\GD32L23x\Source\ARM\startup_g
d32l235xx.s
   Uses
      At line 146 in file ..\..\Firmware\CMSIS\GD\GD32L23x\Source\ARM\startup_g
d32l235xx.s
      At line 276 in file ..\..\Firmware\CMSIS\GD\GD32L23x\Source\ARM\startup_g
d32l235xx.s

LVD_IRQHandler 0000002C

Symbol: LVD_IRQHandler
   Definitions
      At line 282 in file ..\..\Firmware\CMSIS\GD\GD32L23x\Source\ARM\startup_g
d32l235xx.s
   Uses
      At line 78 in file ..\..\Firmware\CMSIS\GD\GD32L23x\Source\ARM\startup_gd
32l235xx.s
      At line 213 in file ..\..\Firmware\CMSIS\GD\GD32L23x\Source\ARM\startup_g
d32l235xx.s

NMI_Handler 00000022

Symbol: NMI_Handler
   Definitions
      At line 185 in file ..\..\Firmware\CMSIS\GD\GD32L23x\Source\ARM\startup_g
d32l235xx.s
   Uses
      At line 61 in file ..\..\Firmware\CMSIS\GD\GD32L23x\Source\ARM\startup_gd
32l235xx.s
      At line 186 in file ..\..\Firmware\CMSIS\GD\GD32L23x\Source\ARM\startup_g
d32l235xx.s

PendSV_Handler 00000028

Symbol: PendSV_Handler
   Definitions
      At line 200 in file ..\..\Firmware\CMSIS\GD\GD32L23x\Source\ARM\startup_g
d32l235xx.s
   Uses
      At line 73 in file ..\..\Firmware\CMSIS\GD\GD32L23x\Source\ARM\startup_gd
32l235xx.s
      At line 201 in file ..\..\Firmware\CMSIS\GD\GD32L23x\Source\ARM\startup_g
d32l235xx.s

RCU_CTC_IRQHandler 0000002C

Symbol: RCU_CTC_IRQHandler
   Definitions
      At line 286 in file ..\..\Firmware\CMSIS\GD\GD32L23x\Source\ARM\startup_g
d32l235xx.s
   Uses
      At line 82 in file ..\..\Firmware\CMSIS\GD\GD32L23x\Source\ARM\startup_gd
32l235xx.s



ARM Macro Assembler    Page 10 Alphabetic symbol ordering
Relocatable symbols

      At line 217 in file ..\..\Firmware\CMSIS\GD\GD32L23x\Source\ARM\startup_g
d32l235xx.s

RTC_Alarm_IRQHandler 0000002C

Symbol: RTC_Alarm_IRQHandler
   Definitions
      At line 321 in file ..\..\Firmware\CMSIS\GD\GD32L23x\Source\ARM\startup_g
d32l235xx.s
   Uses
      At line 118 in file ..\..\Firmware\CMSIS\GD\GD32L23x\Source\ARM\startup_g
d32l235xx.s
      At line 252 in file ..\..\Firmware\CMSIS\GD\GD32L23x\Source\ARM\startup_g
d32l235xx.s

RTC_WKUP_IRQHandler 0000002C

Symbol: RTC_WKUP_IRQHandler
   Definitions
      At line 284 in file ..\..\Firmware\CMSIS\GD\GD32L23x\Source\ARM\startup_g
d32l235xx.s
   Uses
      At line 80 in file ..\..\Firmware\CMSIS\GD\GD32L23x\Source\ARM\startup_gd
32l235xx.s
      At line 215 in file ..\..\Firmware\CMSIS\GD\GD32L23x\Source\ARM\startup_g
d32l235xx.s

Reset_Handler 00000000

Symbol: Reset_Handler
   Definitions
      At line 159 in file ..\..\Firmware\CMSIS\GD\GD32L23x\Source\ARM\startup_g
d32l235xx.s
   Uses
      At line 60 in file ..\..\Firmware\CMSIS\GD\GD32L23x\Source\ARM\startup_gd
32l235xx.s
      At line 160 in file ..\..\Firmware\CMSIS\GD\GD32L23x\Source\ARM\startup_g
d32l235xx.s

SLCD_IRQHandler 0000002C

Symbol: SLCD_IRQHandler
   Definitions
      At line 340 in file ..\..\Firmware\CMSIS\GD\GD32L23x\Source\ARM\startup_g
d32l235xx.s
   Uses
      At line 141 in file ..\..\Firmware\CMSIS\GD\GD32L23x\Source\ARM\startup_g
d32l235xx.s
      At line 271 in file ..\..\Firmware\CMSIS\GD\GD32L23x\Source\ARM\startup_g
d32l235xx.s

SPI0_IRQHandler 0000002C

Symbol: SPI0_IRQHandler
   Definitions
      At line 316 in file ..\..\Firmware\CMSIS\GD\GD32L23x\Source\ARM\startup_g
d32l235xx.s
   Uses
      At line 112 in file ..\..\Firmware\CMSIS\GD\GD32L23x\Source\ARM\startup_g



ARM Macro Assembler    Page 11 Alphabetic symbol ordering
Relocatable symbols

d32l235xx.s
      At line 247 in file ..\..\Firmware\CMSIS\GD\GD32L23x\Source\ARM\startup_g
d32l235xx.s

SPI1_IRQHandler 0000002C

Symbol: SPI1_IRQHandler
   Definitions
      At line 317 in file ..\..\Firmware\CMSIS\GD\GD32L23x\Source\ARM\startup_g
d32l235xx.s
   Uses
      At line 113 in file ..\..\Firmware\CMSIS\GD\GD32L23x\Source\ARM\startup_g
d32l235xx.s
      At line 248 in file ..\..\Firmware\CMSIS\GD\GD32L23x\Source\ARM\startup_g
d32l235xx.s

SRAM_INIT 00000012

Symbol: SRAM_INIT
   Definitions
      At line 170 in file ..\..\Firmware\CMSIS\GD\GD32L23x\Source\ARM\startup_g
d32l235xx.s
   Uses
      At line 173 in file ..\..\Firmware\CMSIS\GD\GD32L23x\Source\ARM\startup_g
d32l235xx.s
Comment: SRAM_INIT used once
SVC_Handler 00000026

Symbol: SVC_Handler
   Definitions
      At line 195 in file ..\..\Firmware\CMSIS\GD\GD32L23x\Source\ARM\startup_g
d32l235xx.s
   Uses
      At line 70 in file ..\..\Firmware\CMSIS\GD\GD32L23x\Source\ARM\startup_gd
32l235xx.s
      At line 196 in file ..\..\Firmware\CMSIS\GD\GD32L23x\Source\ARM\startup_g
d32l235xx.s

SysTick_Handler 0000002A

Symbol: SysTick_Handler
   Definitions
      At line 205 in file ..\..\Firmware\CMSIS\GD\GD32L23x\Source\ARM\startup_g
d32l235xx.s
   Uses
      At line 74 in file ..\..\Firmware\CMSIS\GD\GD32L23x\Source\ARM\startup_gd
32l235xx.s
      At line 206 in file ..\..\Firmware\CMSIS\GD\GD32L23x\Source\ARM\startup_g
d32l235xx.s

TAMPER_STAMP_IRQHandler 0000002C

Symbol: TAMPER_STAMP_IRQHandler
   Definitions
      At line 283 in file ..\..\Firmware\CMSIS\GD\GD32L23x\Source\ARM\startup_g
d32l235xx.s
   Uses
      At line 79 in file ..\..\Firmware\CMSIS\GD\GD32L23x\Source\ARM\startup_gd
32l235xx.s



ARM Macro Assembler    Page 12 Alphabetic symbol ordering
Relocatable symbols

      At line 214 in file ..\..\Firmware\CMSIS\GD\GD32L23x\Source\ARM\startup_g
d32l235xx.s

TIMER0_Channel_IRQHandler 0000002C

Symbol: TIMER0_Channel_IRQHandler
   Definitions
      At line 325 in file ..\..\Firmware\CMSIS\GD\GD32L23x\Source\ARM\startup_g
d32l235xx.s
   Uses
      At line 122 in file ..\..\Firmware\CMSIS\GD\GD32L23x\Source\ARM\startup_g
d32l235xx.s
      At line 256 in file ..\..\Firmware\CMSIS\GD\GD32L23x\Source\ARM\startup_g
d32l235xx.s

TIMER0_TRG_CMT_UP_BRK_IRQHandler 0000002C

Symbol: TIMER0_TRG_CMT_UP_BRK_IRQHandler
   Definitions
      At line 324 in file ..\..\Firmware\CMSIS\GD\GD32L23x\Source\ARM\startup_g
d32l235xx.s
   Uses
      At line 121 in file ..\..\Firmware\CMSIS\GD\GD32L23x\Source\ARM\startup_g
d32l235xx.s
      At line 255 in file ..\..\Firmware\CMSIS\GD\GD32L23x\Source\ARM\startup_g
d32l235xx.s

TIMER11_IRQHandler 0000002C

Symbol: TIMER11_IRQHandler
   Definitions
      At line 305 in file ..\..\Firmware\CMSIS\GD\GD32L23x\Source\ARM\startup_g
d32l235xx.s
   Uses
      At line 101 in file ..\..\Firmware\CMSIS\GD\GD32L23x\Source\ARM\startup_g
d32l235xx.s
      At line 236 in file ..\..\Firmware\CMSIS\GD\GD32L23x\Source\ARM\startup_g
d32l235xx.s

TIMER14_IRQHandler 0000002C

Symbol: TIMER14_IRQHandler
   Definitions
      At line 326 in file ..\..\Firmware\CMSIS\GD\GD32L23x\Source\ARM\startup_g
d32l235xx.s
   Uses
      At line 123 in file ..\..\Firmware\CMSIS\GD\GD32L23x\Source\ARM\startup_g
d32l235xx.s
      At line 257 in file ..\..\Firmware\CMSIS\GD\GD32L23x\Source\ARM\startup_g
d32l235xx.s

TIMER1_IRQHandler 0000002C

Symbol: TIMER1_IRQHandler
   Definitions
      At line 302 in file ..\..\Firmware\CMSIS\GD\GD32L23x\Source\ARM\startup_g
d32l235xx.s
   Uses
      At line 98 in file ..\..\Firmware\CMSIS\GD\GD32L23x\Source\ARM\startup_gd



ARM Macro Assembler    Page 13 Alphabetic symbol ordering
Relocatable symbols

32l235xx.s
      At line 233 in file ..\..\Firmware\CMSIS\GD\GD32L23x\Source\ARM\startup_g
d32l235xx.s

TIMER2_IRQHandler 0000002C

Symbol: TIMER2_IRQHandler
   Definitions
      At line 303 in file ..\..\Firmware\CMSIS\GD\GD32L23x\Source\ARM\startup_g
d32l235xx.s
   Uses
      At line 99 in file ..\..\Firmware\CMSIS\GD\GD32L23x\Source\ARM\startup_gd
32l235xx.s
      At line 234 in file ..\..\Firmware\CMSIS\GD\GD32L23x\Source\ARM\startup_g
d32l235xx.s

TIMER40_IRQHandler 0000002C

Symbol: TIMER40_IRQHandler
   Definitions
      At line 328 in file ..\..\Firmware\CMSIS\GD\GD32L23x\Source\ARM\startup_g
d32l235xx.s
   Uses
      At line 125 in file ..\..\Firmware\CMSIS\GD\GD32L23x\Source\ARM\startup_g
d32l235xx.s
      At line 259 in file ..\..\Firmware\CMSIS\GD\GD32L23x\Source\ARM\startup_g
d32l235xx.s

TIMER5_IRQHandler 0000002C

Symbol: TIMER5_IRQHandler
   Definitions
      At line 306 in file ..\..\Firmware\CMSIS\GD\GD32L23x\Source\ARM\startup_g
d32l235xx.s
   Uses
      At line 102 in file ..\..\Firmware\CMSIS\GD\GD32L23x\Source\ARM\startup_g
d32l235xx.s
      At line 237 in file ..\..\Firmware\CMSIS\GD\GD32L23x\Source\ARM\startup_g
d32l235xx.s

TIMER6_IRQHandler 0000002C

Symbol: TIMER6_IRQHandler
   Definitions
      At line 307 in file ..\..\Firmware\CMSIS\GD\GD32L23x\Source\ARM\startup_g
d32l235xx.s
   Uses
      At line 103 in file ..\..\Firmware\CMSIS\GD\GD32L23x\Source\ARM\startup_g
d32l235xx.s
      At line 238 in file ..\..\Firmware\CMSIS\GD\GD32L23x\Source\ARM\startup_g
d32l235xx.s

TIMER8_IRQHandler 0000002C

Symbol: TIMER8_IRQHandler
   Definitions
      At line 304 in file ..\..\Firmware\CMSIS\GD\GD32L23x\Source\ARM\startup_g
d32l235xx.s
   Uses



ARM Macro Assembler    Page 14 Alphabetic symbol ordering
Relocatable symbols

      At line 100 in file ..\..\Firmware\CMSIS\GD\GD32L23x\Source\ARM\startup_g
d32l235xx.s
      At line 235 in file ..\..\Firmware\CMSIS\GD\GD32L23x\Source\ARM\startup_g
d32l235xx.s

TRNG_IRQHandler 0000002C

Symbol: TRNG_IRQHandler
   Definitions
      At line 339 in file ..\..\Firmware\CMSIS\GD\GD32L23x\Source\ARM\startup_g
d32l235xx.s
   Uses
      At line 140 in file ..\..\Firmware\CMSIS\GD\GD32L23x\Source\ARM\startup_g
d32l235xx.s
      At line 270 in file ..\..\Firmware\CMSIS\GD\GD32L23x\Source\ARM\startup_g
d32l235xx.s

UART3_IRQHandler 0000002C

Symbol: UART3_IRQHandler
   Definitions
      At line 310 in file ..\..\Firmware\CMSIS\GD\GD32L23x\Source\ARM\startup_g
d32l235xx.s
   Uses
      At line 106 in file ..\..\Firmware\CMSIS\GD\GD32L23x\Source\ARM\startup_g
d32l235xx.s
      At line 241 in file ..\..\Firmware\CMSIS\GD\GD32L23x\Source\ARM\startup_g
d32l235xx.s

UART4_IRQHandler 0000002C

Symbol: UART4_IRQHandler
   Definitions
      At line 311 in file ..\..\Firmware\CMSIS\GD\GD32L23x\Source\ARM\startup_g
d32l235xx.s
   Uses
      At line 107 in file ..\..\Firmware\CMSIS\GD\GD32L23x\Source\ARM\startup_g
d32l235xx.s
      At line 242 in file ..\..\Firmware\CMSIS\GD\GD32L23x\Source\ARM\startup_g
d32l235xx.s

USART0_IRQHandler 0000002C

Symbol: USART0_IRQHandler
   Definitions
      At line 308 in file ..\..\Firmware\CMSIS\GD\GD32L23x\Source\ARM\startup_g
d32l235xx.s
   Uses
      At line 104 in file ..\..\Firmware\CMSIS\GD\GD32L23x\Source\ARM\startup_g
d32l235xx.s
      At line 239 in file ..\..\Firmware\CMSIS\GD\GD32L23x\Source\ARM\startup_g
d32l235xx.s

USART0_WKUP_IRQHandler 0000002C

Symbol: USART0_WKUP_IRQHandler
   Definitions
      At line 336 in file ..\..\Firmware\CMSIS\GD\GD32L23x\Source\ARM\startup_g
d32l235xx.s



ARM Macro Assembler    Page 15 Alphabetic symbol ordering
Relocatable symbols

   Uses
      At line 137 in file ..\..\Firmware\CMSIS\GD\GD32L23x\Source\ARM\startup_g
d32l235xx.s
      At line 267 in file ..\..\Firmware\CMSIS\GD\GD32L23x\Source\ARM\startup_g
d32l235xx.s

USART1_IRQHandler 0000002C

Symbol: USART1_IRQHandler
   Definitions
      At line 309 in file ..\..\Firmware\CMSIS\GD\GD32L23x\Source\ARM\startup_g
d32l235xx.s
   Uses
      At line 105 in file ..\..\Firmware\CMSIS\GD\GD32L23x\Source\ARM\startup_g
d32l235xx.s
      At line 240 in file ..\..\Firmware\CMSIS\GD\GD32L23x\Source\ARM\startup_g
d32l235xx.s

USART1_WKUP_IRQHandler 0000002C

Symbol: USART1_WKUP_IRQHandler
   Definitions
      At line 341 in file ..\..\Firmware\CMSIS\GD\GD32L23x\Source\ARM\startup_g
d32l235xx.s
   Uses
      At line 142 in file ..\..\Firmware\CMSIS\GD\GD32L23x\Source\ARM\startup_g
d32l235xx.s
      At line 272 in file ..\..\Firmware\CMSIS\GD\GD32L23x\Source\ARM\startup_g
d32l235xx.s

USBD_HP_CAN_TX_IRQHandler 0000002C

Symbol: USBD_HP_CAN_TX_IRQHandler
   Definitions
      At line 300 in file ..\..\Firmware\CMSIS\GD\GD32L23x\Source\ARM\startup_g
d32l235xx.s
   Uses
      At line 96 in file ..\..\Firmware\CMSIS\GD\GD32L23x\Source\ARM\startup_gd
32l235xx.s
      At line 231 in file ..\..\Firmware\CMSIS\GD\GD32L23x\Source\ARM\startup_g
d32l235xx.s

USBD_LP_CAN_RX0_IRQHandler 0000002C

Symbol: USBD_LP_CAN_RX0_IRQHandler
   Definitions
      At line 301 in file ..\..\Firmware\CMSIS\GD\GD32L23x\Source\ARM\startup_g
d32l235xx.s
   Uses
      At line 97 in file ..\..\Firmware\CMSIS\GD\GD32L23x\Source\ARM\startup_gd
32l235xx.s
      At line 232 in file ..\..\Firmware\CMSIS\GD\GD32L23x\Source\ARM\startup_g
d32l235xx.s

USBD_WKUP_IRQHandler 0000002C

Symbol: USBD_WKUP_IRQHandler
   Definitions
      At line 322 in file ..\..\Firmware\CMSIS\GD\GD32L23x\Source\ARM\startup_g



ARM Macro Assembler    Page 16 Alphabetic symbol ordering
Relocatable symbols

d32l235xx.s
   Uses
      At line 119 in file ..\..\Firmware\CMSIS\GD\GD32L23x\Source\ARM\startup_g
d32l235xx.s
      At line 253 in file ..\..\Firmware\CMSIS\GD\GD32L23x\Source\ARM\startup_g
d32l235xx.s

WWDGT_IRQHandler 0000002C

Symbol: WWDGT_IRQHandler
   Definitions
      At line 281 in file ..\..\Firmware\CMSIS\GD\GD32L23x\Source\ARM\startup_g
d32l235xx.s
   Uses
      At line 77 in file ..\..\Firmware\CMSIS\GD\GD32L23x\Source\ARM\startup_gd
32l235xx.s
      At line 212 in file ..\..\Firmware\CMSIS\GD\GD32L23x\Source\ARM\startup_g
d32l235xx.s

76 symbols



ARM Macro Assembler    Page 1 Alphabetic symbol ordering
Absolute symbols

Heap_Size 00000400

Symbol: Heap_Size
   Definitions
      At line 43 in file ..\..\Firmware\CMSIS\GD\GD32L23x\Source\ARM\startup_gd
32l235xx.s
   Uses
      At line 47 in file ..\..\Firmware\CMSIS\GD\GD32L23x\Source\ARM\startup_gd
32l235xx.s
Comment: Heap_Size used once
Stack_Size 00000400

Symbol: Stack_Size
   Definitions
      At line 32 in file ..\..\Firmware\CMSIS\GD\GD32L23x\Source\ARM\startup_gd
32l235xx.s
   Uses
      At line 35 in file ..\..\Firmware\CMSIS\GD\GD32L23x\Source\ARM\startup_gd
32l235xx.s
Comment: Stack_Size used once
__Vectors_Size 00000160

Symbol: __Vectors_Size
   Definitions
      At line 154 in file ..\..\Firmware\CMSIS\GD\GD32L23x\Source\ARM\startup_g
d32l235xx.s
   Uses
      At line 57 in file ..\..\Firmware\CMSIS\GD\GD32L23x\Source\ARM\startup_gd
32l235xx.s
Comment: __Vectors_Size used once
3 symbols



ARM Macro Assembler    Page 1 Alphabetic symbol ordering
External symbols

SystemInit 00000000

Symbol: SystemInit
   Definitions
      At line 175 in file ..\..\Firmware\CMSIS\GD\GD32L23x\Source\ARM\startup_g
d32l235xx.s
   Uses
      At line 177 in file ..\..\Firmware\CMSIS\GD\GD32L23x\Source\ARM\startup_g
d32l235xx.s
Comment: SystemInit used once
__main 00000000

Symbol: __main
   Definitions
      At line 176 in file ..\..\Firmware\CMSIS\GD\GD32L23x\Source\ARM\startup_g
d32l235xx.s
   Uses
      At line 179 in file ..\..\Firmware\CMSIS\GD\GD32L23x\Source\ARM\startup_g
d32l235xx.s
Comment: __main used once
2 symbols
427 symbols in table
